
Testing laravelsail/php73...

✗ Low severity vulnerability found in zip
  Description: Use After Free
  Info: https://snyk.io/vuln/SNYK-DEBIAN11-ZIP-530469
  Introduced through: zip@3.0-12
  From: zip@3.0-12
  Image layer: 'apt-get install -y libzip-dev zip'

✗ Low severity vulnerability found in xz-utils
  Description: CVE-2022-1271
  Info: https://snyk.io/vuln/SNYK-DEBIAN11-XZUTILS-2444276
  Introduced through: xz-utils@5.2.5-2, dpkg/dpkg-dev@1.20.9, meta-common-packages@meta
  From: xz-utils@5.2.5-2
  From: dpkg/dpkg-dev@1.20.9 > xz-utils@5.2.5-2
  From: meta-common-packages@meta > xz-utils/liblzma5@5.2.5-2
  Image layer: Introduced by your base image (php:7.3.33-apache-bullseye)
  Fixed in: 5.2.5-2.1~deb11u1

✗ Low severity vulnerability found in util-linux/libuuid1
  Description: Information Exposure
  Info: https://snyk.io/vuln/SNYK-DEBIAN11-UTILLINUX-2401081
  Introduced through: e2fsprogs@1.46.2-2, util-linux/mount@2.36.1-8+deb11u1, apache2@2.4.52-1~deb11u2, mc@3:4.8.26-1.1, util-linux@2.36.1-8+deb11u1, util-linux/bsdutils@1:2.36.1-8+deb11u1, util-linux/libsmartcols1@2.36.1-8+deb11u1
  From: e2fsprogs@1.46.2-2 > util-linux/libuuid1@2.36.1-8+deb11u1
  From: util-linux/mount@2.36.1-8+deb11u1 > util-linux@2.36.1-8+deb11u1 > util-linux/libuuid1@2.36.1-8+deb11u1
  From: apache2@2.4.52-1~deb11u2 > apache2/apache2-bin@2.4.52-1~deb11u2 > apr/libapr1@1.7.0-6+deb11u1 > util-linux/libuuid1@2.36.1-8+deb11u1
  and 14 more...
  Image layer: 'apt-get install -y --no-install-recommends openssl libssl-dev libcurl4-openssl-dev mc nano'

✗ Low severity vulnerability found in unzip
  Description: CVE-2021-4217
  Info: https://snyk.io/vuln/SNYK-DEBIAN11-UNZIP-2387325
  Introduced through: unzip@6.0-26
  From: unzip@6.0-26
  Image layer: Introduced by your base image (php:7.3.33-apache-bullseye)

✗ Low severity vulnerability found in tar
  Description: CVE-2005-2541
  Info: https://snyk.io/vuln/SNYK-DEBIAN11-TAR-523480
  Introduced through: meta-common-packages@meta
  From: meta-common-packages@meta > tar@1.34+dfsg-1
  Image layer: Introduced by your base image (php:7.3.33-apache-bullseye)

✗ Low severity vulnerability found in systemd/libsystemd0
  Description: Authentication Bypass
  Info: https://snyk.io/vuln/SNYK-DEBIAN11-SYSTEMD-1291054
  Introduced through: apt@2.2.4, util-linux/bsdutils@1:2.36.1-8+deb11u1, util-linux/mount@2.36.1-8+deb11u1, apache2@2.4.52-1~deb11u2, systemd/libudev1@247.3-6
  From: apt@2.2.4 > systemd/libsystemd0@247.3-6
  From: util-linux/bsdutils@1:2.36.1-8+deb11u1 > systemd/libsystemd0@247.3-6
  From: apt@2.2.4 > apt/libapt-pkg6.0@2.2.4 > systemd/libsystemd0@247.3-6
  and 5 more...
  Image layer: 'apt-get install -y --no-install-recommends openssl libssl-dev libcurl4-openssl-dev mc nano'

✗ Low severity vulnerability found in systemd/libsystemd0
  Description: CVE-2021-3997
  Info: https://snyk.io/vuln/SNYK-DEBIAN11-SYSTEMD-2332025
  Introduced through: apt@2.2.4, util-linux/bsdutils@1:2.36.1-8+deb11u1, util-linux/mount@2.36.1-8+deb11u1, apache2@2.4.52-1~deb11u2, systemd/libudev1@247.3-6
  From: apt@2.2.4 > systemd/libsystemd0@247.3-6
  From: util-linux/bsdutils@1:2.36.1-8+deb11u1 > systemd/libsystemd0@247.3-6
  From: apt@2.2.4 > apt/libapt-pkg6.0@2.2.4 > systemd/libsystemd0@247.3-6
  and 5 more...
  Image layer: 'apt-get install -y --no-install-recommends openssl libssl-dev libcurl4-openssl-dev mc nano'
  Fixed in: 247.3-7

✗ Low severity vulnerability found in systemd/libsystemd0
  Description: Link Following
  Info: https://snyk.io/vuln/SNYK-DEBIAN11-SYSTEMD-524969
  Introduced through: apt@2.2.4, util-linux/bsdutils@1:2.36.1-8+deb11u1, util-linux/mount@2.36.1-8+deb11u1, apache2@2.4.52-1~deb11u2, systemd/libudev1@247.3-6
  From: apt@2.2.4 > systemd/libsystemd0@247.3-6
  From: util-linux/bsdutils@1:2.36.1-8+deb11u1 > systemd/libsystemd0@247.3-6
  From: apt@2.2.4 > apt/libapt-pkg6.0@2.2.4 > systemd/libsystemd0@247.3-6
  and 5 more...
  Image layer: 'apt-get install -y --no-install-recommends openssl libssl-dev libcurl4-openssl-dev mc nano'

✗ Low severity vulnerability found in sqlite3/libsqlite3-0
  Description: CVE-2021-36690
  Info: https://snyk.io/vuln/SNYK-DEBIAN11-SQLITE3-1569419
  Introduced through: sqlite3/libsqlite3-0@3.34.1-3, apache2@2.4.52-1~deb11u2
  From: sqlite3/libsqlite3-0@3.34.1-3
  From: apache2@2.4.52-1~deb11u2 > apache2/apache2-bin@2.4.52-1~deb11u2 > apr-util/libaprutil1-dbd-sqlite3@1.6.1-5 > sqlite3/libsqlite3-0@3.34.1-3
  Image layer: Introduced by your base image (php:7.3.33-apache-bullseye)

✗ Low severity vulnerability found in sqlite3/libsqlite3-0
  Description: Memory Leak
  Info: https://snyk.io/vuln/SNYK-DEBIAN11-SQLITE3-2407045
  Introduced through: sqlite3/libsqlite3-0@3.34.1-3, apache2@2.4.52-1~deb11u2
  From: sqlite3/libsqlite3-0@3.34.1-3
  From: apache2@2.4.52-1~deb11u2 > apache2/apache2-bin@2.4.52-1~deb11u2 > apr-util/libaprutil1-dbd-sqlite3@1.6.1-5 > sqlite3/libsqlite3-0@3.34.1-3
  Image layer: Introduced by your base image (php:7.3.33-apache-bullseye)

✗ Low severity vulnerability found in sqlite3/libsqlite3-0
  Description: CVE-2022-35737
  Info: https://snyk.io/vuln/SNYK-DEBIAN11-SQLITE3-2959400
  Introduced through: sqlite3/libsqlite3-0@3.34.1-3, apache2@2.4.52-1~deb11u2
  From: sqlite3/libsqlite3-0@3.34.1-3
  From: apache2@2.4.52-1~deb11u2 > apache2/apache2-bin@2.4.52-1~deb11u2 > apr-util/libaprutil1-dbd-sqlite3@1.6.1-5 > sqlite3/libsqlite3-0@3.34.1-3
  Image layer: Introduced by your base image (php:7.3.33-apache-bullseye)

✗ Low severity vulnerability found in shadow/passwd
  Description: Access Restriction Bypass
  Info: https://snyk.io/vuln/SNYK-DEBIAN11-SHADOW-526940
  Introduced through: shadow/passwd@1:4.8.1-1, adduser@3.118, shadow/login@1:4.8.1-1, util-linux/mount@2.36.1-8+deb11u1
  From: shadow/passwd@1:4.8.1-1
  From: adduser@3.118 > shadow/passwd@1:4.8.1-1
  From: shadow/login@1:4.8.1-1
  and 1 more...
  Image layer: 'apt-get install -y --no-install-recommends openssl libssl-dev libcurl4-openssl-dev mc nano'

✗ Low severity vulnerability found in shadow/passwd
  Description: Time-of-check Time-of-use (TOCTOU)
  Info: https://snyk.io/vuln/SNYK-DEBIAN11-SHADOW-528840
  Introduced through: shadow/passwd@1:4.8.1-1, adduser@3.118, shadow/login@1:4.8.1-1, util-linux/mount@2.36.1-8+deb11u1
  From: shadow/passwd@1:4.8.1-1
  From: adduser@3.118 > shadow/passwd@1:4.8.1-1
  From: shadow/login@1:4.8.1-1
  and 1 more...
  Image layer: 'apt-get install -y --no-install-recommends openssl libssl-dev libcurl4-openssl-dev mc nano'

✗ Low severity vulnerability found in shadow/passwd
  Description: Incorrect Permission Assignment for Critical Resource
  Info: https://snyk.io/vuln/SNYK-DEBIAN11-SHADOW-539870
  Introduced through: shadow/passwd@1:4.8.1-1, adduser@3.118, shadow/login@1:4.8.1-1, util-linux/mount@2.36.1-8+deb11u1
  From: shadow/passwd@1:4.8.1-1
  From: adduser@3.118 > shadow/passwd@1:4.8.1-1
  From: shadow/login@1:4.8.1-1
  and 1 more...
  Image layer: 'apt-get install -y --no-install-recommends openssl libssl-dev libcurl4-openssl-dev mc nano'

✗ Low severity vulnerability found in re2c
  Description: Out-of-bounds Write
  Info: https://snyk.io/vuln/SNYK-DEBIAN11-RE2C-2436868
  Introduced through: re2c@2.0.3-1
  From: re2c@2.0.3-1
  Image layer: Introduced by your base image (php:7.3.33-apache-bullseye)

✗ Low severity vulnerability found in re2c
  Description: Uncontrolled Recursion
  Info: https://snyk.io/vuln/SNYK-DEBIAN11-RE2C-567857
  Introduced through: re2c@2.0.3-1
  From: re2c@2.0.3-1
  Image layer: Introduced by your base image (php:7.3.33-apache-bullseye)

✗ Low severity vulnerability found in perl/perl-modules-5.32
  Description: Improper Verification of Cryptographic Signature
  Info: https://snyk.io/vuln/SNYK-DEBIAN11-PERL-1925976
  Introduced through: apache2@2.4.52-1~deb11u2, autoconf@2.69-14, meta-common-packages@meta
  From: apache2@2.4.52-1~deb11u2 > mime-support@3.66 > mailcap@3.69 > perl@5.32.1-4+deb11u2 > perl/perl-modules-5.32@5.32.1-4+deb11u2
  From: apache2@2.4.52-1~deb11u2 > mime-support@3.66 > mailcap@3.69 > perl@5.32.1-4+deb11u2 > perl/libperl5.32@5.32.1-4+deb11u2 > perl/perl-modules-5.32@5.32.1-4+deb11u2
  From: apache2@2.4.52-1~deb11u2 > mime-support@3.66 > mailcap@3.69 > perl@5.32.1-4+deb11u2 > perl/libperl5.32@5.32.1-4+deb11u2
  and 3 more...
  Image layer: Introduced by your base image (php:7.3.33-apache-bullseye)

✗ Low severity vulnerability found in perl/perl-modules-5.32
  Description: Link Following
  Info: https://snyk.io/vuln/SNYK-DEBIAN11-PERL-532614
  Introduced through: apache2@2.4.52-1~deb11u2, autoconf@2.69-14, meta-common-packages@meta
  From: apache2@2.4.52-1~deb11u2 > mime-support@3.66 > mailcap@3.69 > perl@5.32.1-4+deb11u2 > perl/perl-modules-5.32@5.32.1-4+deb11u2
  From: apache2@2.4.52-1~deb11u2 > mime-support@3.66 > mailcap@3.69 > perl@5.32.1-4+deb11u2 > perl/libperl5.32@5.32.1-4+deb11u2 > perl/perl-modules-5.32@5.32.1-4+deb11u2
  From: apache2@2.4.52-1~deb11u2 > mime-support@3.66 > mailcap@3.69 > perl@5.32.1-4+deb11u2 > perl/libperl5.32@5.32.1-4+deb11u2
  and 3 more...
  Image layer: Introduced by your base image (php:7.3.33-apache-bullseye)

✗ Low severity vulnerability found in pcre3/libpcre3
  Description: Out-of-Bounds
  Info: https://snyk.io/vuln/SNYK-DEBIAN11-PCRE3-523392
  Introduced through: grep@3.6-1, apache2@2.4.52-1~deb11u2, mc@3:4.8.26-1.1
  From: grep@3.6-1 > pcre3/libpcre3@2:8.39-13
  From: apache2@2.4.52-1~deb11u2 > apache2/apache2-bin@2.4.52-1~deb11u2 > pcre3/libpcre3@2:8.39-13
  From: mc@3:4.8.26-1.1 > glib2.0/libglib2.0-0@2.66.8-1 > pcre3/libpcre3@2:8.39-13
  Image layer: 'apt-get install -y --no-install-recommends openssl libssl-dev libcurl4-openssl-dev mc nano'

✗ Low severity vulnerability found in pcre3/libpcre3
  Description: Out-of-Bounds
  Info: https://snyk.io/vuln/SNYK-DEBIAN11-PCRE3-525075
  Introduced through: grep@3.6-1, apache2@2.4.52-1~deb11u2, mc@3:4.8.26-1.1
  From: grep@3.6-1 > pcre3/libpcre3@2:8.39-13
  From: apache2@2.4.52-1~deb11u2 > apache2/apache2-bin@2.4.52-1~deb11u2 > pcre3/libpcre3@2:8.39-13
  From: mc@3:4.8.26-1.1 > glib2.0/libglib2.0-0@2.66.8-1 > pcre3/libpcre3@2:8.39-13
  Image layer: 'apt-get install -y --no-install-recommends openssl libssl-dev libcurl4-openssl-dev mc nano'

✗ Low severity vulnerability found in pcre3/libpcre3
  Description: Uncontrolled Recursion
  Info: https://snyk.io/vuln/SNYK-DEBIAN11-PCRE3-529298
  Introduced through: grep@3.6-1, apache2@2.4.52-1~deb11u2, mc@3:4.8.26-1.1
  From: grep@3.6-1 > pcre3/libpcre3@2:8.39-13
  From: apache2@2.4.52-1~deb11u2 > apache2/apache2-bin@2.4.52-1~deb11u2 > pcre3/libpcre3@2:8.39-13
  From: mc@3:4.8.26-1.1 > glib2.0/libglib2.0-0@2.66.8-1 > pcre3/libpcre3@2:8.39-13
  Image layer: 'apt-get install -y --no-install-recommends openssl libssl-dev libcurl4-openssl-dev mc nano'

✗ Low severity vulnerability found in pcre3/libpcre3
  Description: Out-of-Bounds
  Info: https://snyk.io/vuln/SNYK-DEBIAN11-PCRE3-529490
  Introduced through: grep@3.6-1, apache2@2.4.52-1~deb11u2, mc@3:4.8.26-1.1
  From: grep@3.6-1 > pcre3/libpcre3@2:8.39-13
  From: apache2@2.4.52-1~deb11u2 > apache2/apache2-bin@2.4.52-1~deb11u2 > pcre3/libpcre3@2:8.39-13
  From: mc@3:4.8.26-1.1 > glib2.0/libglib2.0-0@2.66.8-1 > pcre3/libpcre3@2:8.39-13
  Image layer: 'apt-get install -y --no-install-recommends openssl libssl-dev libcurl4-openssl-dev mc nano'

✗ Low severity vulnerability found in pcre3/libpcre3
  Description: Out-of-bounds Read
  Info: https://snyk.io/vuln/SNYK-DEBIAN11-PCRE3-572353
  Introduced through: grep@3.6-1, apache2@2.4.52-1~deb11u2, mc@3:4.8.26-1.1
  From: grep@3.6-1 > pcre3/libpcre3@2:8.39-13
  From: apache2@2.4.52-1~deb11u2 > apache2/apache2-bin@2.4.52-1~deb11u2 > pcre3/libpcre3@2:8.39-13
  From: mc@3:4.8.26-1.1 > glib2.0/libglib2.0-0@2.66.8-1 > pcre3/libpcre3@2:8.39-13
  Image layer: 'apt-get install -y --no-install-recommends openssl libssl-dev libcurl4-openssl-dev mc nano'

✗ Low severity vulnerability found in pcre2/libpcre2-8-0
  Description: Out-of-bounds Read
  Info: https://snyk.io/vuln/SNYK-DEBIAN11-PCRE2-2808697
  Introduced through: meta-common-packages@meta
  From: meta-common-packages@meta > pcre2/libpcre2-8-0@10.36-2
  Image layer: Introduced by your base image (php:7.3.33-apache-bullseye)

✗ Low severity vulnerability found in pcre2/libpcre2-8-0
  Description: Out-of-bounds Read
  Info: https://snyk.io/vuln/SNYK-DEBIAN11-PCRE2-2808704
  Introduced through: meta-common-packages@meta
  From: meta-common-packages@meta > pcre2/libpcre2-8-0@10.36-2
  Image layer: Introduced by your base image (php:7.3.33-apache-bullseye)

✗ Low severity vulnerability found in patch
  Description: Release of Invalid Pointer or Reference
  Info: https://snyk.io/vuln/SNYK-DEBIAN11-PATCH-2324789
  Introduced through: dpkg/dpkg-dev@1.20.9
  From: dpkg/dpkg-dev@1.20.9 > patch@2.7.6-7
  Image layer: Introduced by your base image (php:7.3.33-apache-bullseye)

✗ Low severity vulnerability found in patch
  Description: NULL Pointer Dereference
  Info: https://snyk.io/vuln/SNYK-DEBIAN11-PATCH-525129
  Introduced through: dpkg/dpkg-dev@1.20.9
  From: dpkg/dpkg-dev@1.20.9 > patch@2.7.6-7
  Image layer: Introduced by your base image (php:7.3.33-apache-bullseye)

✗ Low severity vulnerability found in patch
  Description: Directory Traversal
  Info: https://snyk.io/vuln/SNYK-DEBIAN11-PATCH-525153
  Introduced through: dpkg/dpkg-dev@1.20.9
  From: dpkg/dpkg-dev@1.20.9 > patch@2.7.6-7
  Image layer: Introduced by your base image (php:7.3.33-apache-bullseye)

✗ Low severity vulnerability found in patch
  Description: Double Free
  Info: https://snyk.io/vuln/SNYK-DEBIAN11-PATCH-526305
  Introduced through: dpkg/dpkg-dev@1.20.9
  From: dpkg/dpkg-dev@1.20.9 > patch@2.7.6-7
  Image layer: Introduced by your base image (php:7.3.33-apache-bullseye)

✗ Low severity vulnerability found in openssl/libssl1.1
  Description: Inadequate Encryption Strength
  Info: https://snyk.io/vuln/SNYK-DEBIAN11-OPENSSL-2941242
  Introduced through: openssl/libssl1.1@1.1.1n-0+deb11u3, openssl/libssl-dev@1.1.1n-0+deb11u3, apache2@2.4.52-1~deb11u2, ca-certificates@20210119, libzip/libzip-dev@1.7.3-1
  From: openssl/libssl1.1@1.1.1n-0+deb11u3
  From: openssl/libssl-dev@1.1.1n-0+deb11u3 > openssl/libssl1.1@1.1.1n-0+deb11u3
  From: apache2@2.4.52-1~deb11u2 > apache2/apache2-bin@2.4.52-1~deb11u2 > openssl/libssl1.1@1.1.1n-0+deb11u3
  and 8 more...
  Image layer: 'apt-get install -y --no-install-recommends openssl libssl-dev libcurl4-openssl-dev mc nano'

✗ Low severity vulnerability found in openssl/libssl1.1
  Description: Cryptographic Issues
  Info: https://snyk.io/vuln/SNYK-DEBIAN11-OPENSSL-518334
  Introduced through: openssl/libssl1.1@1.1.1n-0+deb11u3, openssl/libssl-dev@1.1.1n-0+deb11u3, apache2@2.4.52-1~deb11u2, ca-certificates@20210119, libzip/libzip-dev@1.7.3-1
  From: openssl/libssl1.1@1.1.1n-0+deb11u3
  From: openssl/libssl-dev@1.1.1n-0+deb11u3 > openssl/libssl1.1@1.1.1n-0+deb11u3
  From: apache2@2.4.52-1~deb11u2 > apache2/apache2-bin@2.4.52-1~deb11u2 > openssl/libssl1.1@1.1.1n-0+deb11u3
  and 8 more...
  Image layer: 'apt-get install -y --no-install-recommends openssl libssl-dev libcurl4-openssl-dev mc nano'

✗ Low severity vulnerability found in openssl/libssl1.1
  Description: Cryptographic Issues
  Info: https://snyk.io/vuln/SNYK-DEBIAN11-OPENSSL-525332
  Introduced through: openssl/libssl1.1@1.1.1n-0+deb11u3, openssl/libssl-dev@1.1.1n-0+deb11u3, apache2@2.4.52-1~deb11u2, ca-certificates@20210119, libzip/libzip-dev@1.7.3-1
  From: openssl/libssl1.1@1.1.1n-0+deb11u3
  From: openssl/libssl-dev@1.1.1n-0+deb11u3 > openssl/libssl1.1@1.1.1n-0+deb11u3
  From: apache2@2.4.52-1~deb11u2 > apache2/apache2-bin@2.4.52-1~deb11u2 > openssl/libssl1.1@1.1.1n-0+deb11u3
  and 8 more...
  Image layer: 'apt-get install -y --no-install-recommends openssl libssl-dev libcurl4-openssl-dev mc nano'

✗ Low severity vulnerability found in openldap/libldap-2.4-2
  Description: Improper Initialization
  Info: https://snyk.io/vuln/SNYK-DEBIAN11-OPENLDAP-521320
  Introduced through: openldap/libldap-2.4-2@2.4.57+dfsg-3, apache2@2.4.52-1~deb11u2
  From: openldap/libldap-2.4-2@2.4.57+dfsg-3
  From: apache2@2.4.52-1~deb11u2 > apache2/apache2-bin@2.4.52-1~deb11u2 > openldap/libldap-2.4-2@2.4.57+dfsg-3
  From: apache2@2.4.52-1~deb11u2 > apache2/apache2-bin@2.4.52-1~deb11u2 > apr-util/libaprutil1-ldap@1.6.1-5 > openldap/libldap-2.4-2@2.4.57+dfsg-3
  and 1 more...
  Image layer: Introduced by your base image (php:7.3.33-apache-bullseye)

✗ Low severity vulnerability found in openldap/libldap-2.4-2
  Description: Out-of-Bounds
  Info: https://snyk.io/vuln/SNYK-DEBIAN11-OPENLDAP-531344
  Introduced through: openldap/libldap-2.4-2@2.4.57+dfsg-3, apache2@2.4.52-1~deb11u2
  From: openldap/libldap-2.4-2@2.4.57+dfsg-3
  From: apache2@2.4.52-1~deb11u2 > apache2/apache2-bin@2.4.52-1~deb11u2 > openldap/libldap-2.4-2@2.4.57+dfsg-3
  From: apache2@2.4.52-1~deb11u2 > apache2/apache2-bin@2.4.52-1~deb11u2 > apr-util/libaprutil1-ldap@1.6.1-5 > openldap/libldap-2.4-2@2.4.57+dfsg-3
  and 1 more...
  Image layer: Introduced by your base image (php:7.3.33-apache-bullseye)

✗ Low severity vulnerability found in openldap/libldap-2.4-2
  Description: Cryptographic Issues
  Info: https://snyk.io/vuln/SNYK-DEBIAN11-OPENLDAP-531747
  Introduced through: openldap/libldap-2.4-2@2.4.57+dfsg-3, apache2@2.4.52-1~deb11u2
  From: openldap/libldap-2.4-2@2.4.57+dfsg-3
  From: apache2@2.4.52-1~deb11u2 > apache2/apache2-bin@2.4.52-1~deb11u2 > openldap/libldap-2.4-2@2.4.57+dfsg-3
  From: apache2@2.4.52-1~deb11u2 > apache2/apache2-bin@2.4.52-1~deb11u2 > apr-util/libaprutil1-ldap@1.6.1-5 > openldap/libldap-2.4-2@2.4.57+dfsg-3
  and 1 more...
  Image layer: Introduced by your base image (php:7.3.33-apache-bullseye)

✗ Low severity vulnerability found in openldap/libldap-2.4-2
  Description: Improper Certificate Validation
  Info: https://snyk.io/vuln/SNYK-DEBIAN11-OPENLDAP-584937
  Introduced through: openldap/libldap-2.4-2@2.4.57+dfsg-3, apache2@2.4.52-1~deb11u2
  From: openldap/libldap-2.4-2@2.4.57+dfsg-3
  From: apache2@2.4.52-1~deb11u2 > apache2/apache2-bin@2.4.52-1~deb11u2 > openldap/libldap-2.4-2@2.4.57+dfsg-3
  From: apache2@2.4.52-1~deb11u2 > apache2/apache2-bin@2.4.52-1~deb11u2 > apr-util/libaprutil1-ldap@1.6.1-5 > openldap/libldap-2.4-2@2.4.57+dfsg-3
  and 1 more...
  Image layer: Introduced by your base image (php:7.3.33-apache-bullseye)

✗ Low severity vulnerability found in ncurses/libtinfo6
  Description: Out-of-bounds Write
  Info: https://snyk.io/vuln/SNYK-DEBIAN11-NCURSES-1655741
  Introduced through: ncurses/libtinfo6@6.2+20201114-2, bash/bash@5.1-2+b3, nano@5.4-2+deb11u1, ncurses/ncurses-bin@6.2+20201114-2, readline/libreadline8@8.1-1, apache2@2.4.52-1~deb11u2, util-linux/mount@2.36.1-8+deb11u1, ncurses/ncurses-base@6.2+20201114-2
  From: ncurses/libtinfo6@6.2+20201114-2
  From: bash/bash@5.1-2+b3 > ncurses/libtinfo6@6.2+20201114-2
  From: nano@5.4-2+deb11u1 > ncurses/libtinfo6@6.2+20201114-2
  and 11 more...
  Image layer: 'apt-get install -y --no-install-recommends openssl libssl-dev libcurl4-openssl-dev mc nano'

✗ Low severity vulnerability found in ncurses/libtinfo6
  Description: Out-of-bounds Read
  Info: https://snyk.io/vuln/SNYK-DEBIAN11-NCURSES-2767191
  Introduced through: ncurses/libtinfo6@6.2+20201114-2, bash/bash@5.1-2+b3, nano@5.4-2+deb11u1, ncurses/ncurses-bin@6.2+20201114-2, readline/libreadline8@8.1-1, apache2@2.4.52-1~deb11u2, util-linux/mount@2.36.1-8+deb11u1, ncurses/ncurses-base@6.2+20201114-2
  From: ncurses/libtinfo6@6.2+20201114-2
  From: bash/bash@5.1-2+b3 > ncurses/libtinfo6@6.2+20201114-2
  From: nano@5.4-2+deb11u1 > ncurses/libtinfo6@6.2+20201114-2
  and 11 more...
  Image layer: 'apt-get install -y --no-install-recommends openssl libssl-dev libcurl4-openssl-dev mc nano'

✗ Low severity vulnerability found in mc/mc-data
  Description: Improper Authentication
  Info: https://snyk.io/vuln/SNYK-DEBIAN11-MC-1571877
  Introduced through: mc@3:4.8.26-1.1
  From: mc@3:4.8.26-1.1 > mc/mc-data@3:4.8.26-1.1
  From: mc@3:4.8.26-1.1
  Image layer: 'apt-get install -y --no-install-recommends openssl libssl-dev libcurl4-openssl-dev mc nano'

✗ Low severity vulnerability found in m4
  Description: CVE-2008-1688
  Info: https://snyk.io/vuln/SNYK-DEBIAN11-M4-517010
  Introduced through: autoconf@2.69-14
  From: autoconf@2.69-14 > m4@1.4.18-5
  Image layer: Introduced by your base image (php:7.3.33-apache-bullseye)

✗ Low severity vulnerability found in m4
  Description: CVE-2008-1687
  Info: https://snyk.io/vuln/SNYK-DEBIAN11-M4-525846
  Introduced through: autoconf@2.69-14
  From: autoconf@2.69-14 > m4@1.4.18-5
  Image layer: Introduced by your base image (php:7.3.33-apache-bullseye)

✗ Low severity vulnerability found in lua5.3/liblua5.3-0
  Description: Uncontrolled Recursion
  Info: https://snyk.io/vuln/SNYK-DEBIAN11-LUA53-1914008
  Introduced through: apache2@2.4.52-1~deb11u2
  From: apache2@2.4.52-1~deb11u2 > apache2/apache2-bin@2.4.52-1~deb11u2 > lua5.3/liblua5.3-0@5.3.3-1.1+b1
  Image layer: Introduced by your base image (php:7.3.33-apache-bullseye)

✗ Low severity vulnerability found in lua5.3/liblua5.3-0
  Description: Use After Free
  Info: https://snyk.io/vuln/SNYK-DEBIAN11-LUA53-517140
  Introduced through: apache2@2.4.52-1~deb11u2
  From: apache2@2.4.52-1~deb11u2 > apache2/apache2-bin@2.4.52-1~deb11u2 > lua5.3/liblua5.3-0@5.3.3-1.1+b1
  Image layer: Introduced by your base image (php:7.3.33-apache-bullseye)

✗ Low severity vulnerability found in lua5.3/liblua5.3-0
  Description: Integer Underflow
  Info: https://snyk.io/vuln/SNYK-DEBIAN11-LUA53-608213
  Introduced through: apache2@2.4.52-1~deb11u2
  From: apache2@2.4.52-1~deb11u2 > apache2/apache2-bin@2.4.52-1~deb11u2 > lua5.3/liblua5.3-0@5.3.3-1.1+b1
  Image layer: Introduced by your base image (php:7.3.33-apache-bullseye)

✗ Low severity vulnerability found in libsepol/libsepol1
  Description: Use After Free
  Info: https://snyk.io/vuln/SNYK-DEBIAN11-LIBSEPOL-1315627
  Introduced through: libsepol/libsepol1@3.1-1, adduser@3.118
  From: libsepol/libsepol1@3.1-1
  From: adduser@3.118 > shadow/passwd@1:4.8.1-1 > libsemanage/libsemanage1@3.1-1+b2 > libsepol/libsepol1@3.1-1
  Image layer: Introduced by your base image (php:7.3.33-apache-bullseye)

✗ Low severity vulnerability found in libsepol/libsepol1
  Description: Out-of-bounds Read
  Info: https://snyk.io/vuln/SNYK-DEBIAN11-LIBSEPOL-1315629
  Introduced through: libsepol/libsepol1@3.1-1, adduser@3.118
  From: libsepol/libsepol1@3.1-1
  From: adduser@3.118 > shadow/passwd@1:4.8.1-1 > libsemanage/libsemanage1@3.1-1+b2 > libsepol/libsepol1@3.1-1
  Image layer: Introduced by your base image (php:7.3.33-apache-bullseye)

✗ Low severity vulnerability found in libsepol/libsepol1
  Description: Use After Free
  Info: https://snyk.io/vuln/SNYK-DEBIAN11-LIBSEPOL-1315635
  Introduced through: libsepol/libsepol1@3.1-1, adduser@3.118
  From: libsepol/libsepol1@3.1-1
  From: adduser@3.118 > shadow/passwd@1:4.8.1-1 > libsemanage/libsemanage1@3.1-1+b2 > libsepol/libsepol1@3.1-1
  Image layer: Introduced by your base image (php:7.3.33-apache-bullseye)

✗ Low severity vulnerability found in libsepol/libsepol1
  Description: Use After Free
  Info: https://snyk.io/vuln/SNYK-DEBIAN11-LIBSEPOL-1315641
  Introduced through: libsepol/libsepol1@3.1-1, adduser@3.118
  From: libsepol/libsepol1@3.1-1
  From: adduser@3.118 > shadow/passwd@1:4.8.1-1 > libsemanage/libsemanage1@3.1-1+b2 > libsepol/libsepol1@3.1-1
  Image layer: Introduced by your base image (php:7.3.33-apache-bullseye)

✗ Low severity vulnerability found in libgcrypt20
  Description: Information Exposure
  Info: https://snyk.io/vuln/SNYK-DEBIAN11-LIBGCRYPT20-1297892
  Introduced through: libgcrypt20@1.8.7-6, apt@2.2.4, apache2@2.4.52-1~deb11u2
  From: libgcrypt20@1.8.7-6
  From: apt@2.2.4 > apt/libapt-pkg6.0@2.2.4 > libgcrypt20@1.8.7-6
  From: apt@2.2.4 > gnupg2/gpgv@2.2.27-2 > libgcrypt20@1.8.7-6
  and 2 more...
  Image layer: Introduced by your base image (php:7.3.33-apache-bullseye)

✗ Low severity vulnerability found in libgcrypt20
  Description: Use of a Broken or Risky Cryptographic Algorithm
  Info: https://snyk.io/vuln/SNYK-DEBIAN11-LIBGCRYPT20-523947
  Introduced through: libgcrypt20@1.8.7-6, apt@2.2.4, apache2@2.4.52-1~deb11u2
  From: libgcrypt20@1.8.7-6
  From: apt@2.2.4 > apt/libapt-pkg6.0@2.2.4 > libgcrypt20@1.8.7-6
  From: apt@2.2.4 > gnupg2/gpgv@2.2.27-2 > libgcrypt20@1.8.7-6
  and 2 more...
  Image layer: Introduced by your base image (php:7.3.33-apache-bullseye)

✗ Low severity vulnerability found in krb5/libk5crypto3
  Description: CVE-2004-0971
  Info: https://snyk.io/vuln/SNYK-DEBIAN11-KRB5-519904
  Introduced through: krb5/libk5crypto3@1.18.3-6+deb11u1, apache2@2.4.52-1~deb11u2, krb5/libkrb5-3@1.18.3-6+deb11u1, krb5/libgssapi-krb5-2@1.18.3-6+deb11u1, gcc-defaults/g++@4:10.2.1-1, meta-common-packages@meta
  From: krb5/libk5crypto3@1.18.3-6+deb11u1
  From: apache2@2.4.52-1~deb11u2 > apache2/apache2-bin@2.4.52-1~deb11u2 > curl/libcurl4@7.74.0-1.3+deb11u2 > krb5/libgssapi-krb5-2@1.18.3-6+deb11u1 > krb5/libk5crypto3@1.18.3-6+deb11u1
  From: apache2@2.4.52-1~deb11u2 > apache2/apache2-bin@2.4.52-1~deb11u2 > curl/libcurl4@7.74.0-1.3+deb11u2 > krb5/libgssapi-krb5-2@1.18.3-6+deb11u1 > krb5/libkrb5-3@1.18.3-6+deb11u1 > krb5/libk5crypto3@1.18.3-6+deb11u1
  and 6 more...
  Image layer: Introduced by your base image (php:7.3.33-apache-bullseye)

✗ Low severity vulnerability found in krb5/libk5crypto3
  Description: Integer Overflow or Wraparound
  Info: https://snyk.io/vuln/SNYK-DEBIAN11-KRB5-524883
  Introduced through: krb5/libk5crypto3@1.18.3-6+deb11u1, apache2@2.4.52-1~deb11u2, krb5/libkrb5-3@1.18.3-6+deb11u1, krb5/libgssapi-krb5-2@1.18.3-6+deb11u1, gcc-defaults/g++@4:10.2.1-1, meta-common-packages@meta
  From: krb5/libk5crypto3@1.18.3-6+deb11u1
  From: apache2@2.4.52-1~deb11u2 > apache2/apache2-bin@2.4.52-1~deb11u2 > curl/libcurl4@7.74.0-1.3+deb11u2 > krb5/libgssapi-krb5-2@1.18.3-6+deb11u1 > krb5/libk5crypto3@1.18.3-6+deb11u1
  From: apache2@2.4.52-1~deb11u2 > apache2/apache2-bin@2.4.52-1~deb11u2 > curl/libcurl4@7.74.0-1.3+deb11u2 > krb5/libgssapi-krb5-2@1.18.3-6+deb11u1 > krb5/libkrb5-3@1.18.3-6+deb11u1 > krb5/libk5crypto3@1.18.3-6+deb11u1
  and 6 more...
  Image layer: Introduced by your base image (php:7.3.33-apache-bullseye)

✗ Low severity vulnerability found in jansson/libjansson4
  Description: Out-of-bounds Read
  Info: https://snyk.io/vuln/SNYK-DEBIAN11-JANSSON-1264524
  Introduced through: apache2@2.4.52-1~deb11u2
  From: apache2@2.4.52-1~deb11u2 > apache2/apache2-bin@2.4.52-1~deb11u2 > jansson/libjansson4@2.13.1-1.1
  Image layer: Introduced by your base image (php:7.3.33-apache-bullseye)

✗ Low severity vulnerability found in gzip
  Description: CVE-2022-1271
  Info: https://snyk.io/vuln/SNYK-DEBIAN11-GZIP-2444256
  Introduced through: gzip@1.10-4
  From: gzip@1.10-4
  Image layer: Introduced by your base image (php:7.3.33-apache-bullseye)
  Fixed in: 1.10-4+deb11u1

✗ Low severity vulnerability found in gnutls28/libgnutls30
  Description: CVE-2021-4209
  Info: https://snyk.io/vuln/SNYK-DEBIAN11-GNUTLS28-2419151
  Introduced through: gnutls28/libgnutls30@3.7.1-5, apt@2.2.4, apache2@2.4.52-1~deb11u2
  From: gnutls28/libgnutls30@3.7.1-5
  From: apt@2.2.4 > gnutls28/libgnutls30@3.7.1-5
  From: apache2@2.4.52-1~deb11u2 > apache2/apache2-bin@2.4.52-1~deb11u2 > apr-util/libaprutil1-ldap@1.6.1-5 > openldap/libldap-2.4-2@2.4.57+dfsg-3 > gnutls28/libgnutls30@3.7.1-5
  and 1 more...
  Image layer: Introduced by your base image (php:7.3.33-apache-bullseye)
  Fixed in: 3.7.1-5+deb11u1

✗ Low severity vulnerability found in gnutls28/libgnutls30
  Description: CVE-2022-2509
  Info: https://snyk.io/vuln/SNYK-DEBIAN11-GNUTLS28-2964220
  Introduced through: gnutls28/libgnutls30@3.7.1-5, apt@2.2.4, apache2@2.4.52-1~deb11u2
  From: gnutls28/libgnutls30@3.7.1-5
  From: apt@2.2.4 > gnutls28/libgnutls30@3.7.1-5
  From: apache2@2.4.52-1~deb11u2 > apache2/apache2-bin@2.4.52-1~deb11u2 > apr-util/libaprutil1-ldap@1.6.1-5 > openldap/libldap-2.4-2@2.4.57+dfsg-3 > gnutls28/libgnutls30@3.7.1-5
  and 1 more...
  Image layer: Introduced by your base image (php:7.3.33-apache-bullseye)

✗ Low severity vulnerability found in gnutls28/libgnutls30
  Description: Improper Input Validation
  Info: https://snyk.io/vuln/SNYK-DEBIAN11-GNUTLS28-515971
  Introduced through: gnutls28/libgnutls30@3.7.1-5, apt@2.2.4, apache2@2.4.52-1~deb11u2
  From: gnutls28/libgnutls30@3.7.1-5
  From: apt@2.2.4 > gnutls28/libgnutls30@3.7.1-5
  From: apache2@2.4.52-1~deb11u2 > apache2/apache2-bin@2.4.52-1~deb11u2 > apr-util/libaprutil1-ldap@1.6.1-5 > openldap/libldap-2.4-2@2.4.57+dfsg-3 > gnutls28/libgnutls30@3.7.1-5
  and 1 more...
  Image layer: Introduced by your base image (php:7.3.33-apache-bullseye)

✗ Low severity vulnerability found in glibc/libc-dev-bin
  Description: CVE-2021-3999
  Info: https://snyk.io/vuln/SNYK-DEBIAN11-GLIBC-2340919
  Introduced through: gcc-defaults/g++@4:10.2.1-1, glibc/libc6-dev@2.31-13+deb11u2, libzip/libzip-dev@1.7.3-1, glibc/libc-bin@2.31-13+deb11u2, meta-common-packages@meta
  From: gcc-defaults/g++@4:10.2.1-1 > gcc-10/g++-10@10.2.1-6 > gcc-10/libstdc++-10-dev@10.2.1-6 > glibc/libc6-dev@2.31-13+deb11u2 > glibc/libc-dev-bin@2.31-13+deb11u2
  From: glibc/libc6-dev@2.31-13+deb11u2
  From: libzip/libzip-dev@1.7.3-1 > zlib/zlib1g-dev@1:1.2.11.dfsg-2+deb11u1 > glibc/libc6-dev@2.31-13+deb11u2
  and 3 more...
  Image layer: Introduced by your base image (php:7.3.33-apache-bullseye)

✗ Low severity vulnerability found in glibc/libc-dev-bin
  Description: Out-of-Bounds
  Info: https://snyk.io/vuln/SNYK-DEBIAN11-GLIBC-521063
  Introduced through: gcc-defaults/g++@4:10.2.1-1, glibc/libc6-dev@2.31-13+deb11u2, libzip/libzip-dev@1.7.3-1, glibc/libc-bin@2.31-13+deb11u2, meta-common-packages@meta
  From: gcc-defaults/g++@4:10.2.1-1 > gcc-10/g++-10@10.2.1-6 > gcc-10/libstdc++-10-dev@10.2.1-6 > glibc/libc6-dev@2.31-13+deb11u2 > glibc/libc-dev-bin@2.31-13+deb11u2
  From: glibc/libc6-dev@2.31-13+deb11u2
  From: libzip/libzip-dev@1.7.3-1 > zlib/zlib1g-dev@1:1.2.11.dfsg-2+deb11u1 > glibc/libc6-dev@2.31-13+deb11u2
  and 3 more...
  Image layer: Introduced by your base image (php:7.3.33-apache-bullseye)

✗ Low severity vulnerability found in glibc/libc-dev-bin
  Description: Uncontrolled Recursion
  Info: https://snyk.io/vuln/SNYK-DEBIAN11-GLIBC-521199
  Introduced through: gcc-defaults/g++@4:10.2.1-1, glibc/libc6-dev@2.31-13+deb11u2, libzip/libzip-dev@1.7.3-1, glibc/libc-bin@2.31-13+deb11u2, meta-common-packages@meta
  From: gcc-defaults/g++@4:10.2.1-1 > gcc-10/g++-10@10.2.1-6 > gcc-10/libstdc++-10-dev@10.2.1-6 > glibc/libc6-dev@2.31-13+deb11u2 > glibc/libc-dev-bin@2.31-13+deb11u2
  From: glibc/libc6-dev@2.31-13+deb11u2
  From: libzip/libzip-dev@1.7.3-1 > zlib/zlib1g-dev@1:1.2.11.dfsg-2+deb11u1 > glibc/libc6-dev@2.31-13+deb11u2
  and 3 more...
  Image layer: Introduced by your base image (php:7.3.33-apache-bullseye)

✗ Low severity vulnerability found in glibc/libc-dev-bin
  Description: Use of Insufficiently Random Values
  Info: https://snyk.io/vuln/SNYK-DEBIAN11-GLIBC-522385
  Introduced through: gcc-defaults/g++@4:10.2.1-1, glibc/libc6-dev@2.31-13+deb11u2, libzip/libzip-dev@1.7.3-1, glibc/libc-bin@2.31-13+deb11u2, meta-common-packages@meta
  From: gcc-defaults/g++@4:10.2.1-1 > gcc-10/g++-10@10.2.1-6 > gcc-10/libstdc++-10-dev@10.2.1-6 > glibc/libc6-dev@2.31-13+deb11u2 > glibc/libc-dev-bin@2.31-13+deb11u2
  From: glibc/libc6-dev@2.31-13+deb11u2
  From: libzip/libzip-dev@1.7.3-1 > zlib/zlib1g-dev@1:1.2.11.dfsg-2+deb11u1 > glibc/libc6-dev@2.31-13+deb11u2
  and 3 more...
  Image layer: Introduced by your base image (php:7.3.33-apache-bullseye)

✗ Low severity vulnerability found in glibc/libc-dev-bin
  Description: Information Exposure
  Info: https://snyk.io/vuln/SNYK-DEBIAN11-GLIBC-529848
  Introduced through: gcc-defaults/g++@4:10.2.1-1, glibc/libc6-dev@2.31-13+deb11u2, libzip/libzip-dev@1.7.3-1, glibc/libc-bin@2.31-13+deb11u2, meta-common-packages@meta
  From: gcc-defaults/g++@4:10.2.1-1 > gcc-10/g++-10@10.2.1-6 > gcc-10/libstdc++-10-dev@10.2.1-6 > glibc/libc6-dev@2.31-13+deb11u2 > glibc/libc-dev-bin@2.31-13+deb11u2
  From: glibc/libc6-dev@2.31-13+deb11u2
  From: libzip/libzip-dev@1.7.3-1 > zlib/zlib1g-dev@1:1.2.11.dfsg-2+deb11u1 > glibc/libc6-dev@2.31-13+deb11u2
  and 3 more...
  Image layer: Introduced by your base image (php:7.3.33-apache-bullseye)

✗ Low severity vulnerability found in glibc/libc-dev-bin
  Description: CVE-2019-1010023
  Info: https://snyk.io/vuln/SNYK-DEBIAN11-GLIBC-531451
  Introduced through: gcc-defaults/g++@4:10.2.1-1, glibc/libc6-dev@2.31-13+deb11u2, libzip/libzip-dev@1.7.3-1, glibc/libc-bin@2.31-13+deb11u2, meta-common-packages@meta
  From: gcc-defaults/g++@4:10.2.1-1 > gcc-10/g++-10@10.2.1-6 > gcc-10/libstdc++-10-dev@10.2.1-6 > glibc/libc6-dev@2.31-13+deb11u2 > glibc/libc-dev-bin@2.31-13+deb11u2
  From: glibc/libc6-dev@2.31-13+deb11u2
  From: libzip/libzip-dev@1.7.3-1 > zlib/zlib1g-dev@1:1.2.11.dfsg-2+deb11u1 > glibc/libc6-dev@2.31-13+deb11u2
  and 3 more...
  Image layer: Introduced by your base image (php:7.3.33-apache-bullseye)

✗ Low severity vulnerability found in glibc/libc-dev-bin
  Description: Uncontrolled Recursion
  Info: https://snyk.io/vuln/SNYK-DEBIAN11-GLIBC-531492
  Introduced through: gcc-defaults/g++@4:10.2.1-1, glibc/libc6-dev@2.31-13+deb11u2, libzip/libzip-dev@1.7.3-1, glibc/libc-bin@2.31-13+deb11u2, meta-common-packages@meta
  From: gcc-defaults/g++@4:10.2.1-1 > gcc-10/g++-10@10.2.1-6 > gcc-10/libstdc++-10-dev@10.2.1-6 > glibc/libc6-dev@2.31-13+deb11u2 > glibc/libc-dev-bin@2.31-13+deb11u2
  From: glibc/libc6-dev@2.31-13+deb11u2
  From: libzip/libzip-dev@1.7.3-1 > zlib/zlib1g-dev@1:1.2.11.dfsg-2+deb11u1 > glibc/libc6-dev@2.31-13+deb11u2
  and 3 more...
  Image layer: Introduced by your base image (php:7.3.33-apache-bullseye)

✗ Low severity vulnerability found in glibc/libc-dev-bin
  Description: Resource Management Errors
  Info: https://snyk.io/vuln/SNYK-DEBIAN11-GLIBC-532215
  Introduced through: gcc-defaults/g++@4:10.2.1-1, glibc/libc6-dev@2.31-13+deb11u2, libzip/libzip-dev@1.7.3-1, glibc/libc-bin@2.31-13+deb11u2, meta-common-packages@meta
  From: gcc-defaults/g++@4:10.2.1-1 > gcc-10/g++-10@10.2.1-6 > gcc-10/libstdc++-10-dev@10.2.1-6 > glibc/libc6-dev@2.31-13+deb11u2 > glibc/libc-dev-bin@2.31-13+deb11u2
  From: glibc/libc6-dev@2.31-13+deb11u2
  From: libzip/libzip-dev@1.7.3-1 > zlib/zlib1g-dev@1:1.2.11.dfsg-2+deb11u1 > glibc/libc6-dev@2.31-13+deb11u2
  and 3 more...
  Image layer: Introduced by your base image (php:7.3.33-apache-bullseye)

✗ Low severity vulnerability found in glib2.0/libglib2.0-0
  Description: Cryptographic Issues
  Info: https://snyk.io/vuln/SNYK-DEBIAN11-GLIB20-518210
  Introduced through: mc@3:4.8.26-1.1, pkg-config@0.29.2-1
  From: mc@3:4.8.26-1.1 > glib2.0/libglib2.0-0@2.66.8-1
  From: pkg-config@0.29.2-1 > glib2.0/libglib2.0-0@2.66.8-1
  Image layer: 'apt-get install -y --no-install-recommends openssl libssl-dev libcurl4-openssl-dev mc nano'

✗ Low severity vulnerability found in expat/libexpat1
  Description: XML External Entity (XXE) Injection
  Info: https://snyk.io/vuln/SNYK-DEBIAN11-EXPAT-524217
  Introduced through: apache2@2.4.52-1~deb11u2
  From: apache2@2.4.52-1~deb11u2 > apache2/apache2-bin@2.4.52-1~deb11u2 > apr-util/libaprutil1@1.6.1-5 > expat/libexpat1@2.2.10-2+deb11u3
  Image layer: Introduced by your base image (php:7.3.33-apache-bullseye)

✗ Low severity vulnerability found in e2fsprogs/libext2fs2
  Description: Out-of-bounds Read
  Info: https://snyk.io/vuln/SNYK-DEBIAN11-E2FSPROGS-2628459
  Introduced through: e2fsprogs@1.46.2-2, mc@3:4.8.26-1.1, e2fsprogs/libss2@1.46.2-2, e2fsprogs/logsave@1.46.2-2, meta-common-packages@meta
  From: e2fsprogs@1.46.2-2 > e2fsprogs/libext2fs2@1.46.2-2
  From: mc@3:4.8.26-1.1 > e2fsprogs/libext2fs2@1.46.2-2
  From: e2fsprogs/libss2@1.46.2-2
  and 5 more...
  Image layer: 'apt-get install -y --no-install-recommends openssl libssl-dev libcurl4-openssl-dev mc nano'

✗ Low severity vulnerability found in db5.3/libdb5.3
  Description: Out-of-bounds Read
  Info: https://snyk.io/vuln/SNYK-DEBIAN11-DB53-2825168
  Introduced through: adduser@3.118, apache2@2.4.52-1~deb11u2
  From: adduser@3.118 > shadow/passwd@1:4.8.1-1 > pam/libpam-modules@1.4.0-9+deb11u1 > db5.3/libdb5.3@5.3.28+dfsg1-0.8
  From: apache2@2.4.52-1~deb11u2 > apache2/apache2-bin@2.4.52-1~deb11u2 > apr-util/libaprutil1@1.6.1-5 > db5.3/libdb5.3@5.3.28+dfsg1-0.8
  From: apache2@2.4.52-1~deb11u2 > mime-support@3.66 > mailcap@3.69 > perl@5.32.1-4+deb11u2 > perl/libperl5.32@5.32.1-4+deb11u2 > db5.3/libdb5.3@5.3.28+dfsg1-0.8
  and 1 more...
  Image layer: Introduced by your base image (php:7.3.33-apache-bullseye)

✗ Low severity vulnerability found in curl/libcurl4
  Description: Insufficiently Protected Credentials
  Info: https://snyk.io/vuln/SNYK-DEBIAN11-CURL-1322659
  Introduced through: curl/libcurl4@7.74.0-1.3+deb11u2, curl@7.74.0-1.3+deb11u2, curl/libcurl4-openssl-dev@7.74.0-1.3+deb11u2, apache2@2.4.52-1~deb11u2
  From: curl/libcurl4@7.74.0-1.3+deb11u2
  From: curl@7.74.0-1.3+deb11u2 > curl/libcurl4@7.74.0-1.3+deb11u2
  From: curl/libcurl4-openssl-dev@7.74.0-1.3+deb11u2 > curl/libcurl4@7.74.0-1.3+deb11u2
  and 3 more...
  Image layer: Introduced by your base image (php:7.3.33-apache-bullseye)

✗ Low severity vulnerability found in curl/libcurl4
  Description: Improper Validation of Integrity Check Value
  Info: https://snyk.io/vuln/SNYK-DEBIAN11-CURL-1322667
  Introduced through: curl/libcurl4@7.74.0-1.3+deb11u2, curl@7.74.0-1.3+deb11u2, curl/libcurl4-openssl-dev@7.74.0-1.3+deb11u2, apache2@2.4.52-1~deb11u2
  From: curl/libcurl4@7.74.0-1.3+deb11u2
  From: curl@7.74.0-1.3+deb11u2 > curl/libcurl4@7.74.0-1.3+deb11u2
  From: curl/libcurl4-openssl-dev@7.74.0-1.3+deb11u2 > curl/libcurl4@7.74.0-1.3+deb11u2
  and 3 more...
  Image layer: Introduced by your base image (php:7.3.33-apache-bullseye)

✗ Low severity vulnerability found in coreutils/coreutils
  Description: Improper Input Validation
  Info: https://snyk.io/vuln/SNYK-DEBIAN11-COREUTILS-514776
  Introduced through: coreutils/coreutils@8.32-4+b1
  From: coreutils/coreutils@8.32-4+b1
  Image layer: Introduced by your base image (php:7.3.33-apache-bullseye)

✗ Low severity vulnerability found in coreutils/coreutils
  Description: Race Condition
  Info: https://snyk.io/vuln/SNYK-DEBIAN11-COREUTILS-527269
  Introduced through: coreutils/coreutils@8.32-4+b1
  From: coreutils/coreutils@8.32-4+b1
  Image layer: Introduced by your base image (php:7.3.33-apache-bullseye)

✗ Low severity vulnerability found in binutils/binutils-common
  Description: Out-of-bounds Read
  Info: https://snyk.io/vuln/SNYK-DEBIAN11-BINUTILS-1054596
  Introduced through: dpkg/dpkg-dev@1.20.9, gcc-defaults/g++@4:10.2.1-1
  From: dpkg/dpkg-dev@1.20.9 > binutils@2.35.2-2 > binutils/binutils-common@2.35.2-2
  From: dpkg/dpkg-dev@1.20.9 > binutils@2.35.2-2 > binutils/libbinutils@2.35.2-2 > binutils/binutils-common@2.35.2-2
  From: dpkg/dpkg-dev@1.20.9 > binutils@2.35.2-2 > binutils/binutils-x86-64-linux-gnu@2.35.2-2 > binutils/binutils-common@2.35.2-2
  and 8 more...
  Image layer: Introduced by your base image (php:7.3.33-apache-bullseye)

✗ Low severity vulnerability found in binutils/binutils-common
  Description: Link Following
  Info: https://snyk.io/vuln/SNYK-DEBIAN11-BINUTILS-1065551
  Introduced through: dpkg/dpkg-dev@1.20.9, gcc-defaults/g++@4:10.2.1-1
  From: dpkg/dpkg-dev@1.20.9 > binutils@2.35.2-2 > binutils/binutils-common@2.35.2-2
  From: dpkg/dpkg-dev@1.20.9 > binutils@2.35.2-2 > binutils/libbinutils@2.35.2-2 > binutils/binutils-common@2.35.2-2
  From: dpkg/dpkg-dev@1.20.9 > binutils@2.35.2-2 > binutils/binutils-x86-64-linux-gnu@2.35.2-2 > binutils/binutils-common@2.35.2-2
  and 8 more...
  Image layer: Introduced by your base image (php:7.3.33-apache-bullseye)

✗ Low severity vulnerability found in binutils/binutils-common
  Description: Out-of-Bounds
  Info: https://snyk.io/vuln/SNYK-DEBIAN11-BINUTILS-1086496
  Introduced through: dpkg/dpkg-dev@1.20.9, gcc-defaults/g++@4:10.2.1-1
  From: dpkg/dpkg-dev@1.20.9 > binutils@2.35.2-2 > binutils/binutils-common@2.35.2-2
  From: dpkg/dpkg-dev@1.20.9 > binutils@2.35.2-2 > binutils/libbinutils@2.35.2-2 > binutils/binutils-common@2.35.2-2
  From: dpkg/dpkg-dev@1.20.9 > binutils@2.35.2-2 > binutils/binutils-x86-64-linux-gnu@2.35.2-2 > binutils/binutils-common@2.35.2-2
  and 8 more...
  Image layer: Introduced by your base image (php:7.3.33-apache-bullseye)

✗ Low severity vulnerability found in binutils/binutils-common
  Description: Improper Input Validation
  Info: https://snyk.io/vuln/SNYK-DEBIAN11-BINUTILS-1244572
  Introduced through: dpkg/dpkg-dev@1.20.9, gcc-defaults/g++@4:10.2.1-1
  From: dpkg/dpkg-dev@1.20.9 > binutils@2.35.2-2 > binutils/binutils-common@2.35.2-2
  From: dpkg/dpkg-dev@1.20.9 > binutils@2.35.2-2 > binutils/libbinutils@2.35.2-2 > binutils/binutils-common@2.35.2-2
  From: dpkg/dpkg-dev@1.20.9 > binutils@2.35.2-2 > binutils/binutils-x86-64-linux-gnu@2.35.2-2 > binutils/binutils-common@2.35.2-2
  and 8 more...
  Image layer: Introduced by your base image (php:7.3.33-apache-bullseye)

✗ Low severity vulnerability found in binutils/binutils-common
  Description: Uncontrolled Recursion
  Info: https://snyk.io/vuln/SNYK-DEBIAN11-BINUTILS-1292158
  Introduced through: dpkg/dpkg-dev@1.20.9, gcc-defaults/g++@4:10.2.1-1
  From: dpkg/dpkg-dev@1.20.9 > binutils@2.35.2-2 > binutils/binutils-common@2.35.2-2
  From: dpkg/dpkg-dev@1.20.9 > binutils@2.35.2-2 > binutils/libbinutils@2.35.2-2 > binutils/binutils-common@2.35.2-2
  From: dpkg/dpkg-dev@1.20.9 > binutils@2.35.2-2 > binutils/binutils-x86-64-linux-gnu@2.35.2-2 > binutils/binutils-common@2.35.2-2
  and 8 more...
  Image layer: Introduced by your base image (php:7.3.33-apache-bullseye)

✗ Low severity vulnerability found in binutils/binutils-common
  Description: Out-of-Bounds
  Info: https://snyk.io/vuln/SNYK-DEBIAN11-BINUTILS-1296883
  Introduced through: dpkg/dpkg-dev@1.20.9, gcc-defaults/g++@4:10.2.1-1
  From: dpkg/dpkg-dev@1.20.9 > binutils@2.35.2-2 > binutils/binutils-common@2.35.2-2
  From: dpkg/dpkg-dev@1.20.9 > binutils@2.35.2-2 > binutils/libbinutils@2.35.2-2 > binutils/binutils-common@2.35.2-2
  From: dpkg/dpkg-dev@1.20.9 > binutils@2.35.2-2 > binutils/binutils-x86-64-linux-gnu@2.35.2-2 > binutils/binutils-common@2.35.2-2
  and 8 more...
  Image layer: Introduced by your base image (php:7.3.33-apache-bullseye)

✗ Low severity vulnerability found in binutils/binutils-common
  Description: Out-of-bounds Write
  Info: https://snyk.io/vuln/SNYK-DEBIAN11-BINUTILS-2321369
  Introduced through: dpkg/dpkg-dev@1.20.9, gcc-defaults/g++@4:10.2.1-1
  From: dpkg/dpkg-dev@1.20.9 > binutils@2.35.2-2 > binutils/binutils-common@2.35.2-2
  From: dpkg/dpkg-dev@1.20.9 > binutils@2.35.2-2 > binutils/libbinutils@2.35.2-2 > binutils/binutils-common@2.35.2-2
  From: dpkg/dpkg-dev@1.20.9 > binutils@2.35.2-2 > binutils/binutils-x86-64-linux-gnu@2.35.2-2 > binutils/binutils-common@2.35.2-2
  and 8 more...
  Image layer: Introduced by your base image (php:7.3.33-apache-bullseye)

✗ Low severity vulnerability found in binutils/binutils-common
  Description: Uncontrolled Recursion
  Info: https://snyk.io/vuln/SNYK-DEBIAN11-BINUTILS-2341553
  Introduced through: dpkg/dpkg-dev@1.20.9, gcc-defaults/g++@4:10.2.1-1
  From: dpkg/dpkg-dev@1.20.9 > binutils@2.35.2-2 > binutils/binutils-common@2.35.2-2
  From: dpkg/dpkg-dev@1.20.9 > binutils@2.35.2-2 > binutils/libbinutils@2.35.2-2 > binutils/binutils-common@2.35.2-2
  From: dpkg/dpkg-dev@1.20.9 > binutils@2.35.2-2 > binutils/binutils-x86-64-linux-gnu@2.35.2-2 > binutils/binutils-common@2.35.2-2
  and 8 more...
  Image layer: Introduced by your base image (php:7.3.33-apache-bullseye)

✗ Low severity vulnerability found in binutils/binutils-common
  Description: Allocation of Resources Without Limits or Throttling
  Info: https://snyk.io/vuln/SNYK-DEBIAN11-BINUTILS-517892
  Introduced through: dpkg/dpkg-dev@1.20.9, gcc-defaults/g++@4:10.2.1-1
  From: dpkg/dpkg-dev@1.20.9 > binutils@2.35.2-2 > binutils/binutils-common@2.35.2-2
  From: dpkg/dpkg-dev@1.20.9 > binutils@2.35.2-2 > binutils/libbinutils@2.35.2-2 > binutils/binutils-common@2.35.2-2
  From: dpkg/dpkg-dev@1.20.9 > binutils@2.35.2-2 > binutils/binutils-x86-64-linux-gnu@2.35.2-2 > binutils/binutils-common@2.35.2-2
  and 8 more...
  Image layer: Introduced by your base image (php:7.3.33-apache-bullseye)

✗ Low severity vulnerability found in binutils/binutils-common
  Description: Uncontrolled Recursion
  Info: https://snyk.io/vuln/SNYK-DEBIAN11-BINUTILS-522743
  Introduced through: dpkg/dpkg-dev@1.20.9, gcc-defaults/g++@4:10.2.1-1
  From: dpkg/dpkg-dev@1.20.9 > binutils@2.35.2-2 > binutils/binutils-common@2.35.2-2
  From: dpkg/dpkg-dev@1.20.9 > binutils@2.35.2-2 > binutils/libbinutils@2.35.2-2 > binutils/binutils-common@2.35.2-2
  From: dpkg/dpkg-dev@1.20.9 > binutils@2.35.2-2 > binutils/binutils-x86-64-linux-gnu@2.35.2-2 > binutils/binutils-common@2.35.2-2
  and 8 more...
  Image layer: Introduced by your base image (php:7.3.33-apache-bullseye)

✗ Low severity vulnerability found in binutils/binutils-common
  Description: Allocation of Resources Without Limits or Throttling
  Info: https://snyk.io/vuln/SNYK-DEBIAN11-BINUTILS-523191
  Introduced through: dpkg/dpkg-dev@1.20.9, gcc-defaults/g++@4:10.2.1-1
  From: dpkg/dpkg-dev@1.20.9 > binutils@2.35.2-2 > binutils/binutils-common@2.35.2-2
  From: dpkg/dpkg-dev@1.20.9 > binutils@2.35.2-2 > binutils/libbinutils@2.35.2-2 > binutils/binutils-common@2.35.2-2
  From: dpkg/dpkg-dev@1.20.9 > binutils@2.35.2-2 > binutils/binutils-x86-64-linux-gnu@2.35.2-2 > binutils/binutils-common@2.35.2-2
  and 8 more...
  Image layer: Introduced by your base image (php:7.3.33-apache-bullseye)

✗ Low severity vulnerability found in binutils/binutils-common
  Description: Use After Free
  Info: https://snyk.io/vuln/SNYK-DEBIAN11-BINUTILS-524967
  Introduced through: dpkg/dpkg-dev@1.20.9, gcc-defaults/g++@4:10.2.1-1
  From: dpkg/dpkg-dev@1.20.9 > binutils@2.35.2-2 > binutils/binutils-common@2.35.2-2
  From: dpkg/dpkg-dev@1.20.9 > binutils@2.35.2-2 > binutils/libbinutils@2.35.2-2 > binutils/binutils-common@2.35.2-2
  From: dpkg/dpkg-dev@1.20.9 > binutils@2.35.2-2 > binutils/binutils-x86-64-linux-gnu@2.35.2-2 > binutils/binutils-common@2.35.2-2
  and 8 more...
  Image layer: Introduced by your base image (php:7.3.33-apache-bullseye)

✗ Low severity vulnerability found in binutils/binutils-common
  Description: Out-of-bounds Read
  Info: https://snyk.io/vuln/SNYK-DEBIAN11-BINUTILS-525795
  Introduced through: dpkg/dpkg-dev@1.20.9, gcc-defaults/g++@4:10.2.1-1
  From: dpkg/dpkg-dev@1.20.9 > binutils@2.35.2-2 > binutils/binutils-common@2.35.2-2
  From: dpkg/dpkg-dev@1.20.9 > binutils@2.35.2-2 > binutils/libbinutils@2.35.2-2 > binutils/binutils-common@2.35.2-2
  From: dpkg/dpkg-dev@1.20.9 > binutils@2.35.2-2 > binutils/binutils-x86-64-linux-gnu@2.35.2-2 > binutils/binutils-common@2.35.2-2
  and 8 more...
  Image layer: Introduced by your base image (php:7.3.33-apache-bullseye)

✗ Low severity vulnerability found in binutils/binutils-common
  Description: Out-of-bounds Write
  Info: https://snyk.io/vuln/SNYK-DEBIAN11-BINUTILS-527784
  Introduced through: dpkg/dpkg-dev@1.20.9, gcc-defaults/g++@4:10.2.1-1
  From: dpkg/dpkg-dev@1.20.9 > binutils@2.35.2-2 > binutils/binutils-common@2.35.2-2
  From: dpkg/dpkg-dev@1.20.9 > binutils@2.35.2-2 > binutils/libbinutils@2.35.2-2 > binutils/binutils-common@2.35.2-2
  From: dpkg/dpkg-dev@1.20.9 > binutils@2.35.2-2 > binutils/binutils-x86-64-linux-gnu@2.35.2-2 > binutils/binutils-common@2.35.2-2
  and 8 more...
  Image layer: Introduced by your base image (php:7.3.33-apache-bullseye)

✗ Low severity vulnerability found in binutils/binutils-common
  Description: Out-of-bounds Read
  Info: https://snyk.io/vuln/SNYK-DEBIAN11-BINUTILS-528223
  Introduced through: dpkg/dpkg-dev@1.20.9, gcc-defaults/g++@4:10.2.1-1
  From: dpkg/dpkg-dev@1.20.9 > binutils@2.35.2-2 > binutils/binutils-common@2.35.2-2
  From: dpkg/dpkg-dev@1.20.9 > binutils@2.35.2-2 > binutils/libbinutils@2.35.2-2 > binutils/binutils-common@2.35.2-2
  From: dpkg/dpkg-dev@1.20.9 > binutils@2.35.2-2 > binutils/binutils-x86-64-linux-gnu@2.35.2-2 > binutils/binutils-common@2.35.2-2
  and 8 more...
  Image layer: Introduced by your base image (php:7.3.33-apache-bullseye)

✗ Low severity vulnerability found in binutils/binutils-common
  Description: Integer Overflow or Wraparound
  Info: https://snyk.io/vuln/SNYK-DEBIAN11-BINUTILS-529902
  Introduced through: dpkg/dpkg-dev@1.20.9, gcc-defaults/g++@4:10.2.1-1
  From: dpkg/dpkg-dev@1.20.9 > binutils@2.35.2-2 > binutils/binutils-common@2.35.2-2
  From: dpkg/dpkg-dev@1.20.9 > binutils@2.35.2-2 > binutils/libbinutils@2.35.2-2 > binutils/binutils-common@2.35.2-2
  From: dpkg/dpkg-dev@1.20.9 > binutils@2.35.2-2 > binutils/binutils-x86-64-linux-gnu@2.35.2-2 > binutils/binutils-common@2.35.2-2
  and 8 more...
  Image layer: Introduced by your base image (php:7.3.33-apache-bullseye)

✗ Low severity vulnerability found in apt/libapt-pkg6.0
  Description: Improper Verification of Cryptographic Signature
  Info: https://snyk.io/vuln/SNYK-DEBIAN11-APT-522585
  Introduced through: apt/libapt-pkg6.0@2.2.4, apt@2.2.4
  From: apt/libapt-pkg6.0@2.2.4
  From: apt@2.2.4 > apt/libapt-pkg6.0@2.2.4
  From: apt@2.2.4
  Image layer: Introduced by your base image (php:7.3.33-apache-bullseye)

✗ Low severity vulnerability found in apache2/apache2-bin
  Description: Cross-site Scripting (XSS)
  Info: https://snyk.io/vuln/SNYK-DEBIAN11-APACHE2-515362
  Introduced through: apache2@2.4.52-1~deb11u2
  From: apache2@2.4.52-1~deb11u2 > apache2/apache2-bin@2.4.52-1~deb11u2
  From: apache2@2.4.52-1~deb11u2 > apache2/apache2-data@2.4.52-1~deb11u2
  From: apache2@2.4.52-1~deb11u2 > apache2/apache2-utils@2.4.52-1~deb11u2
  and 1 more...
  Image layer: Introduced by your base image (php:7.3.33-apache-bullseye)

✗ Low severity vulnerability found in apache2/apache2-bin
  Description: Session Fixation
  Info: https://snyk.io/vuln/SNYK-DEBIAN11-APACHE2-515512
  Introduced through: apache2@2.4.52-1~deb11u2
  From: apache2@2.4.52-1~deb11u2 > apache2/apache2-bin@2.4.52-1~deb11u2
  From: apache2@2.4.52-1~deb11u2 > apache2/apache2-data@2.4.52-1~deb11u2
  From: apache2@2.4.52-1~deb11u2 > apache2/apache2-utils@2.4.52-1~deb11u2
  and 1 more...
  Image layer: Introduced by your base image (php:7.3.33-apache-bullseye)

✗ Low severity vulnerability found in apache2/apache2-bin
  Description: Arbitrary Code Injection
  Info: https://snyk.io/vuln/SNYK-DEBIAN11-APACHE2-516308
  Introduced through: apache2@2.4.52-1~deb11u2
  From: apache2@2.4.52-1~deb11u2 > apache2/apache2-bin@2.4.52-1~deb11u2
  From: apache2@2.4.52-1~deb11u2 > apache2/apache2-data@2.4.52-1~deb11u2
  From: apache2@2.4.52-1~deb11u2 > apache2/apache2-utils@2.4.52-1~deb11u2
  and 1 more...
  Image layer: Introduced by your base image (php:7.3.33-apache-bullseye)

✗ Low severity vulnerability found in apache2/apache2-bin
  Description: Numeric Errors
  Info: https://snyk.io/vuln/SNYK-DEBIAN11-APACHE2-519501
  Introduced through: apache2@2.4.52-1~deb11u2
  From: apache2@2.4.52-1~deb11u2 > apache2/apache2-bin@2.4.52-1~deb11u2
  From: apache2@2.4.52-1~deb11u2 > apache2/apache2-data@2.4.52-1~deb11u2
  From: apache2@2.4.52-1~deb11u2 > apache2/apache2-utils@2.4.52-1~deb11u2
  and 1 more...
  Image layer: Introduced by your base image (php:7.3.33-apache-bullseye)

✗ Low severity vulnerability found in apache2/apache2-bin
  Description: CVE-2003-1307
  Info: https://snyk.io/vuln/SNYK-DEBIAN11-APACHE2-522774
  Introduced through: apache2@2.4.52-1~deb11u2
  From: apache2@2.4.52-1~deb11u2 > apache2/apache2-bin@2.4.52-1~deb11u2
  From: apache2@2.4.52-1~deb11u2 > apache2/apache2-data@2.4.52-1~deb11u2
  From: apache2@2.4.52-1~deb11u2 > apache2/apache2-utils@2.4.52-1~deb11u2
  and 1 more...
  Image layer: Introduced by your base image (php:7.3.33-apache-bullseye)

✗ Low severity vulnerability found in apache2/apache2-bin
  Description: CVE-2007-1743
  Info: https://snyk.io/vuln/SNYK-DEBIAN11-APACHE2-526490
  Introduced through: apache2@2.4.52-1~deb11u2
  From: apache2@2.4.52-1~deb11u2 > apache2/apache2-bin@2.4.52-1~deb11u2
  From: apache2@2.4.52-1~deb11u2 > apache2/apache2-data@2.4.52-1~deb11u2
  From: apache2@2.4.52-1~deb11u2 > apache2/apache2-utils@2.4.52-1~deb11u2
  and 1 more...
  Image layer: Introduced by your base image (php:7.3.33-apache-bullseye)

✗ Low severity vulnerability found in apache2/apache2-bin
  Description: Arbitrary Code Injection
  Info: https://snyk.io/vuln/SNYK-DEBIAN11-APACHE2-527325
  Introduced through: apache2@2.4.52-1~deb11u2
  From: apache2@2.4.52-1~deb11u2 > apache2/apache2-bin@2.4.52-1~deb11u2
  From: apache2@2.4.52-1~deb11u2 > apache2/apache2-data@2.4.52-1~deb11u2
  From: apache2@2.4.52-1~deb11u2 > apache2/apache2-utils@2.4.52-1~deb11u2
  and 1 more...
  Image layer: Introduced by your base image (php:7.3.33-apache-bullseye)

✗ Low severity vulnerability found in apache2/apache2-bin
  Description: Resource Exhaustion
  Info: https://snyk.io/vuln/SNYK-DEBIAN11-APACHE2-529361
  Introduced through: apache2@2.4.52-1~deb11u2
  From: apache2@2.4.52-1~deb11u2 > apache2/apache2-bin@2.4.52-1~deb11u2
  From: apache2@2.4.52-1~deb11u2 > apache2/apache2-data@2.4.52-1~deb11u2
  From: apache2@2.4.52-1~deb11u2 > apache2/apache2-utils@2.4.52-1~deb11u2
  and 1 more...
  Image layer: Introduced by your base image (php:7.3.33-apache-bullseye)

✗ Medium severity vulnerability found in unzip
  Description: CVE-2022-0530
  Info: https://snyk.io/vuln/SNYK-DEBIAN11-UNZIP-2396444
  Introduced through: unzip@6.0-26
  From: unzip@6.0-26
  Image layer: Introduced by your base image (php:7.3.33-apache-bullseye)

✗ Medium severity vulnerability found in unzip
  Description: Out-of-bounds Write
  Info: https://snyk.io/vuln/SNYK-DEBIAN11-UNZIP-2396445
  Introduced through: unzip@6.0-26
  From: unzip@6.0-26
  Image layer: Introduced by your base image (php:7.3.33-apache-bullseye)

✗ Medium severity vulnerability found in libxml2
  Description: Integer Overflow or Wraparound
  Info: https://snyk.io/vuln/SNYK-DEBIAN11-LIBXML2-2806812
  Introduced through: libxml2@2.9.10+dfsg-6.7, apache2@2.4.52-1~deb11u2
  From: libxml2@2.9.10+dfsg-6.7
  From: apache2@2.4.52-1~deb11u2 > apache2/apache2-bin@2.4.52-1~deb11u2 > libxml2@2.9.10+dfsg-6.7
  Image layer: Introduced by your base image (php:7.3.33-apache-bullseye)
  Fixed in: 2.9.10+dfsg-6.7+deb11u2

✗ Medium severity vulnerability found in libxml2
  Description: Cross-site Scripting (XSS)
  Info: https://snyk.io/vuln/SNYK-DEBIAN11-LIBXML2-2964223
  Introduced through: libxml2@2.9.10+dfsg-6.7, apache2@2.4.52-1~deb11u2
  From: libxml2@2.9.10+dfsg-6.7
  From: apache2@2.4.52-1~deb11u2 > apache2/apache2-bin@2.4.52-1~deb11u2 > libxml2@2.9.10+dfsg-6.7
  Image layer: Introduced by your base image (php:7.3.33-apache-bullseye)

✗ Medium severity vulnerability found in gnupg2/gpgv
  Description: Arbitrary Code Injection
  Info: https://snyk.io/vuln/SNYK-DEBIAN11-GNUPG2-2939851
  Introduced through: gnupg2/gpgv@2.2.27-2, apt@2.2.4
  From: gnupg2/gpgv@2.2.27-2
  From: apt@2.2.4 > gnupg2/gpgv@2.2.27-2
  Image layer: Introduced by your base image (php:7.3.33-apache-bullseye)
  Fixed in: 2.2.27-2+deb11u2

✗ Medium severity vulnerability found in apache2/apache2-bin
  Description: Integer Overflow or Wraparound
  Info: https://snyk.io/vuln/SNYK-DEBIAN11-APACHE2-2863496
  Introduced through: apache2@2.4.52-1~deb11u2
  From: apache2@2.4.52-1~deb11u2 > apache2/apache2-bin@2.4.52-1~deb11u2
  From: apache2@2.4.52-1~deb11u2 > apache2/apache2-data@2.4.52-1~deb11u2
  From: apache2@2.4.52-1~deb11u2 > apache2/apache2-utils@2.4.52-1~deb11u2
  and 1 more...
  Image layer: Introduced by your base image (php:7.3.33-apache-bullseye)
  Fixed in: 2.4.54-1~deb11u1

✗ High severity vulnerability found in libxml2
  Description: Use After Free
  Info: https://snyk.io/vuln/SNYK-DEBIAN11-LIBXML2-2413974
  Introduced through: libxml2@2.9.10+dfsg-6.7, apache2@2.4.52-1~deb11u2
  From: libxml2@2.9.10+dfsg-6.7
  From: apache2@2.4.52-1~deb11u2 > apache2/apache2-bin@2.4.52-1~deb11u2 > libxml2@2.9.10+dfsg-6.7
  Image layer: Introduced by your base image (php:7.3.33-apache-bullseye)
  Fixed in: 2.9.10+dfsg-6.7+deb11u1

✗ High severity vulnerability found in libtirpc/libtirpc3
  Description: Allocation of Resources Without Limits or Throttling
  Info: https://snyk.io/vuln/SNYK-DEBIAN11-LIBTIRPC-2959390
  Introduced through: adduser@3.118, gcc-defaults/g++@4:10.2.1-1
  From: adduser@3.118 > shadow/passwd@1:4.8.1-1 > pam/libpam-modules@1.4.0-9+deb11u1 > libtirpc/libtirpc3@1.3.1-1
  From: gcc-defaults/g++@4:10.2.1-1 > gcc-10/g++-10@10.2.1-6 > gcc-10/libstdc++-10-dev@10.2.1-6 > glibc/libc6-dev@2.31-13+deb11u2 > libnsl/libnsl-dev@1.3.0-2 > libtirpc/libtirpc-dev@1.3.1-1 > libtirpc/libtirpc3@1.3.1-1
  From: gcc-defaults/g++@4:10.2.1-1 > gcc-10/g++-10@10.2.1-6 > gcc-10/libstdc++-10-dev@10.2.1-6 > glibc/libc6-dev@2.31-13+deb11u2 > libnsl/libnsl-dev@1.3.0-2 > libnsl/libnsl2@1.3.0-2 > libtirpc/libtirpc3@1.3.1-1
  and 2 more...
  Image layer: Introduced by your base image (php:7.3.33-apache-bullseye)

✗ High severity vulnerability found in glibc/libc-dev-bin
  Description: CVE-2021-43396
  Info: https://snyk.io/vuln/SNYK-DEBIAN11-GLIBC-1911968
  Introduced through: gcc-defaults/g++@4:10.2.1-1, glibc/libc6-dev@2.31-13+deb11u2, libzip/libzip-dev@1.7.3-1, glibc/libc-bin@2.31-13+deb11u2, meta-common-packages@meta
  From: gcc-defaults/g++@4:10.2.1-1 > gcc-10/g++-10@10.2.1-6 > gcc-10/libstdc++-10-dev@10.2.1-6 > glibc/libc6-dev@2.31-13+deb11u2 > glibc/libc-dev-bin@2.31-13+deb11u2
  From: glibc/libc6-dev@2.31-13+deb11u2
  From: libzip/libzip-dev@1.7.3-1 > zlib/zlib1g-dev@1:1.2.11.dfsg-2+deb11u1 > glibc/libc6-dev@2.31-13+deb11u2
  and 3 more...
  Image layer: Introduced by your base image (php:7.3.33-apache-bullseye)
  Fixed in: 2.31-13+deb11u3

✗ High severity vulnerability found in apache2/apache2-bin
  Description: Improper Initialization
  Info: https://snyk.io/vuln/SNYK-DEBIAN11-APACHE2-2422341
  Introduced through: apache2@2.4.52-1~deb11u2
  From: apache2@2.4.52-1~deb11u2 > apache2/apache2-bin@2.4.52-1~deb11u2
  From: apache2@2.4.52-1~deb11u2 > apache2/apache2-data@2.4.52-1~deb11u2
  From: apache2@2.4.52-1~deb11u2 > apache2/apache2-utils@2.4.52-1~deb11u2
  and 1 more...
  Image layer: Introduced by your base image (php:7.3.33-apache-bullseye)
  Fixed in: 2.4.53-1~deb11u1

✗ High severity vulnerability found in apache2/apache2-bin
  Description: Allocation of Resources Without Limits or Throttling
  Info: https://snyk.io/vuln/SNYK-DEBIAN11-APACHE2-2863477
  Introduced through: apache2@2.4.52-1~deb11u2
  From: apache2@2.4.52-1~deb11u2 > apache2/apache2-bin@2.4.52-1~deb11u2
  From: apache2@2.4.52-1~deb11u2 > apache2/apache2-data@2.4.52-1~deb11u2
  From: apache2@2.4.52-1~deb11u2 > apache2/apache2-utils@2.4.52-1~deb11u2
  and 1 more...
  Image layer: Introduced by your base image (php:7.3.33-apache-bullseye)
  Fixed in: 2.4.54-1~deb11u1

✗ High severity vulnerability found in apache2/apache2-bin
  Description: Allocation of Resources Without Limits or Throttling
  Info: https://snyk.io/vuln/SNYK-DEBIAN11-APACHE2-2863489
  Introduced through: apache2@2.4.52-1~deb11u2
  From: apache2@2.4.52-1~deb11u2 > apache2/apache2-bin@2.4.52-1~deb11u2
  From: apache2@2.4.52-1~deb11u2 > apache2/apache2-data@2.4.52-1~deb11u2
  From: apache2@2.4.52-1~deb11u2 > apache2/apache2-utils@2.4.52-1~deb11u2
  and 1 more...
  Image layer: Introduced by your base image (php:7.3.33-apache-bullseye)
  Fixed in: 2.4.54-1~deb11u1

✗ High severity vulnerability found in apache2/apache2-bin
  Description: HTTP Request Smuggling
  Info: https://snyk.io/vuln/SNYK-DEBIAN11-APACHE2-2863492
  Introduced through: apache2@2.4.52-1~deb11u2
  From: apache2@2.4.52-1~deb11u2 > apache2/apache2-bin@2.4.52-1~deb11u2
  From: apache2@2.4.52-1~deb11u2 > apache2/apache2-data@2.4.52-1~deb11u2
  From: apache2@2.4.52-1~deb11u2 > apache2/apache2-utils@2.4.52-1~deb11u2
  and 1 more...
  Image layer: Introduced by your base image (php:7.3.33-apache-bullseye)
  Fixed in: 2.4.54-1~deb11u1

✗ High severity vulnerability found in apache2/apache2-bin
  Description: Information Exposure
  Info: https://snyk.io/vuln/SNYK-DEBIAN11-APACHE2-2863500
  Introduced through: apache2@2.4.52-1~deb11u2
  From: apache2@2.4.52-1~deb11u2 > apache2/apache2-bin@2.4.52-1~deb11u2
  From: apache2@2.4.52-1~deb11u2 > apache2/apache2-data@2.4.52-1~deb11u2
  From: apache2@2.4.52-1~deb11u2 > apache2/apache2-utils@2.4.52-1~deb11u2
  and 1 more...
  Image layer: Introduced by your base image (php:7.3.33-apache-bullseye)
  Fixed in: 2.4.54-1~deb11u1

✗ Critical severity vulnerability found in openldap/libldap-2.4-2
  Description: SQL Injection
  Info: https://snyk.io/vuln/SNYK-DEBIAN11-OPENLDAP-2808413
  Introduced through: openldap/libldap-2.4-2@2.4.57+dfsg-3, apache2@2.4.52-1~deb11u2
  From: openldap/libldap-2.4-2@2.4.57+dfsg-3
  From: apache2@2.4.52-1~deb11u2 > apache2/apache2-bin@2.4.52-1~deb11u2 > openldap/libldap-2.4-2@2.4.57+dfsg-3
  From: apache2@2.4.52-1~deb11u2 > apache2/apache2-bin@2.4.52-1~deb11u2 > apr-util/libaprutil1-ldap@1.6.1-5 > openldap/libldap-2.4-2@2.4.57+dfsg-3
  and 1 more...
  Image layer: Introduced by your base image (php:7.3.33-apache-bullseye)
  Fixed in: 2.4.57+dfsg-3+deb11u1

✗ Critical severity vulnerability found in glibc/libc-dev-bin
  Description: Use After Free
  Info: https://snyk.io/vuln/SNYK-DEBIAN11-GLIBC-1296898
  Introduced through: gcc-defaults/g++@4:10.2.1-1, glibc/libc6-dev@2.31-13+deb11u2, libzip/libzip-dev@1.7.3-1, glibc/libc-bin@2.31-13+deb11u2, meta-common-packages@meta
  From: gcc-defaults/g++@4:10.2.1-1 > gcc-10/g++-10@10.2.1-6 > gcc-10/libstdc++-10-dev@10.2.1-6 > glibc/libc6-dev@2.31-13+deb11u2 > glibc/libc-dev-bin@2.31-13+deb11u2
  From: glibc/libc6-dev@2.31-13+deb11u2
  From: libzip/libzip-dev@1.7.3-1 > zlib/zlib1g-dev@1:1.2.11.dfsg-2+deb11u1 > glibc/libc6-dev@2.31-13+deb11u2
  and 3 more...
  Image layer: Introduced by your base image (php:7.3.33-apache-bullseye)
  Fixed in: 2.31-13+deb11u3

✗ Critical severity vulnerability found in glibc/libc-dev-bin
  Description: Buffer Overflow
  Info: https://snyk.io/vuln/SNYK-DEBIAN11-GLIBC-2340908
  Introduced through: gcc-defaults/g++@4:10.2.1-1, glibc/libc6-dev@2.31-13+deb11u2, libzip/libzip-dev@1.7.3-1, glibc/libc-bin@2.31-13+deb11u2, meta-common-packages@meta
  From: gcc-defaults/g++@4:10.2.1-1 > gcc-10/g++-10@10.2.1-6 > gcc-10/libstdc++-10-dev@10.2.1-6 > glibc/libc6-dev@2.31-13+deb11u2 > glibc/libc-dev-bin@2.31-13+deb11u2
  From: glibc/libc6-dev@2.31-13+deb11u2
  From: libzip/libzip-dev@1.7.3-1 > zlib/zlib1g-dev@1:1.2.11.dfsg-2+deb11u1 > glibc/libc6-dev@2.31-13+deb11u2
  and 3 more...
  Image layer: Introduced by your base image (php:7.3.33-apache-bullseye)
  Fixed in: 2.31-13+deb11u3

✗ Critical severity vulnerability found in glibc/libc-dev-bin
  Description: Buffer Overflow
  Info: https://snyk.io/vuln/SNYK-DEBIAN11-GLIBC-2340922
  Introduced through: gcc-defaults/g++@4:10.2.1-1, glibc/libc6-dev@2.31-13+deb11u2, libzip/libzip-dev@1.7.3-1, glibc/libc-bin@2.31-13+deb11u2, meta-common-packages@meta
  From: gcc-defaults/g++@4:10.2.1-1 > gcc-10/g++-10@10.2.1-6 > gcc-10/libstdc++-10-dev@10.2.1-6 > glibc/libc6-dev@2.31-13+deb11u2 > glibc/libc-dev-bin@2.31-13+deb11u2
  From: glibc/libc6-dev@2.31-13+deb11u2
  From: libzip/libzip-dev@1.7.3-1 > zlib/zlib1g-dev@1:1.2.11.dfsg-2+deb11u1 > glibc/libc6-dev@2.31-13+deb11u2
  and 3 more...
  Image layer: Introduced by your base image (php:7.3.33-apache-bullseye)
  Fixed in: 2.31-13+deb11u3

✗ Critical severity vulnerability found in dpkg/libdpkg-perl
  Description: Directory Traversal
  Info: https://snyk.io/vuln/SNYK-DEBIAN11-DPKG-2847942
  Introduced through: dpkg/dpkg-dev@1.20.9, pkg-config@0.29.2-1, meta-common-packages@meta
  From: dpkg/dpkg-dev@1.20.9 > dpkg/libdpkg-perl@1.20.9
  From: pkg-config@0.29.2-1 > dpkg/libdpkg-perl@1.20.9
  From: dpkg/dpkg-dev@1.20.9
  and 1 more...
  Image layer: Introduced by your base image (php:7.3.33-apache-bullseye)
  Fixed in: 1.20.10

✗ Critical severity vulnerability found in apache2/apache2-bin
  Description: Integer Overflow or Wraparound
  Info: https://snyk.io/vuln/SNYK-DEBIAN11-APACHE2-2422331
  Introduced through: apache2@2.4.52-1~deb11u2
  From: apache2@2.4.52-1~deb11u2 > apache2/apache2-bin@2.4.52-1~deb11u2
  From: apache2@2.4.52-1~deb11u2 > apache2/apache2-data@2.4.52-1~deb11u2
  From: apache2@2.4.52-1~deb11u2 > apache2/apache2-utils@2.4.52-1~deb11u2
  and 1 more...
  Image layer: Introduced by your base image (php:7.3.33-apache-bullseye)
  Fixed in: 2.4.53-1~deb11u1

✗ Critical severity vulnerability found in apache2/apache2-bin
  Description: Out-of-bounds Write
  Info: https://snyk.io/vuln/SNYK-DEBIAN11-APACHE2-2422333
  Introduced through: apache2@2.4.52-1~deb11u2
  From: apache2@2.4.52-1~deb11u2 > apache2/apache2-bin@2.4.52-1~deb11u2
  From: apache2@2.4.52-1~deb11u2 > apache2/apache2-data@2.4.52-1~deb11u2
  From: apache2@2.4.52-1~deb11u2 > apache2/apache2-utils@2.4.52-1~deb11u2
  and 1 more...
  Image layer: Introduced by your base image (php:7.3.33-apache-bullseye)
  Fixed in: 2.4.53-1~deb11u1

✗ Critical severity vulnerability found in apache2/apache2-bin
  Description: HTTP Request Smuggling
  Info: https://snyk.io/vuln/SNYK-DEBIAN11-APACHE2-2422345
  Introduced through: apache2@2.4.52-1~deb11u2
  From: apache2@2.4.52-1~deb11u2 > apache2/apache2-bin@2.4.52-1~deb11u2
  From: apache2@2.4.52-1~deb11u2 > apache2/apache2-data@2.4.52-1~deb11u2
  From: apache2@2.4.52-1~deb11u2 > apache2/apache2-utils@2.4.52-1~deb11u2
  and 1 more...
  Image layer: Introduced by your base image (php:7.3.33-apache-bullseye)
  Fixed in: 2.4.53-1~deb11u1

✗ Critical severity vulnerability found in apache2/apache2-bin
  Description: Insufficient Verification of Data Authenticity
  Info: https://snyk.io/vuln/SNYK-DEBIAN11-APACHE2-2863474
  Introduced through: apache2@2.4.52-1~deb11u2
  From: apache2@2.4.52-1~deb11u2 > apache2/apache2-bin@2.4.52-1~deb11u2
  From: apache2@2.4.52-1~deb11u2 > apache2/apache2-data@2.4.52-1~deb11u2
  From: apache2@2.4.52-1~deb11u2 > apache2/apache2-utils@2.4.52-1~deb11u2
  and 1 more...
  Image layer: Introduced by your base image (php:7.3.33-apache-bullseye)
  Fixed in: 2.4.54-1~deb11u1

✗ Critical severity vulnerability found in apache2/apache2-bin
  Description: Integer Overflow or Wraparound
  Info: https://snyk.io/vuln/SNYK-DEBIAN11-APACHE2-2863497
  Introduced through: apache2@2.4.52-1~deb11u2
  From: apache2@2.4.52-1~deb11u2 > apache2/apache2-bin@2.4.52-1~deb11u2
  From: apache2@2.4.52-1~deb11u2 > apache2/apache2-data@2.4.52-1~deb11u2
  From: apache2@2.4.52-1~deb11u2 > apache2/apache2-utils@2.4.52-1~deb11u2
  and 1 more...
  Image layer: Introduced by your base image (php:7.3.33-apache-bullseye)
  Fixed in: 2.4.54-1~deb11u1



Package manager:   deb
Project name:      docker-image|laravelsail/php73
Docker image:      laravelsail/php73
Platform:          linux/amd64
Base image:        php:7.3.33-apache-bullseye

Tested 198 dependencies for known vulnerabilities, found 122 vulnerabilities.

Base Image                  Vulnerabilities  Severity
php:7.3.33-apache-bullseye  135              14 critical, 14 high, 10 medium, 97 low

Recommendations for base image upgrade:

Minor upgrades
Base Image                  Vulnerabilities  Severity
php:7.4.29-apache-bullseye  118              5 critical, 10 high, 9 medium, 94 low

Major upgrades
Base Image                      Vulnerabilities  Severity
php:8.2.0beta1-apache-bullseye  93               0 critical, 1 high, 1 medium, 91 low

Alternative image types
Base Image                   Vulnerabilities  Severity
php:8.2.0beta1-cli           80               0 critical, 1 high, 1 medium, 78 low
php:8.2.0beta1-zts-bullseye  80               0 critical, 1 high, 1 medium, 78 low
php:fpm-bullseye             80               0 critical, 1 high, 1 medium, 78 low
php:8.0-rc-fpm-bullseye      80               0 critical, 1 high, 1 medium, 78 low


For more free scans that keep your images secure, sign up to Snyk at https://dockr.ly/3ePqVcp


